2026-01-23 17:24:12 [nudge] deacon nudged with "[from mayor] session-started"
2026-01-23 18:41:16 [nudge] deacon nudged with "[from mayor] session-started"
2026-01-23 19:38:34 [nudge] deacon nudged with "[from mayor] session-started"
2026-01-24 19:06:44 [nudge] deacon nudged with "[from mayor] session-started"
2026-01-24 19:11:25 [nudge] deacon nudged with "[from mayor] session-started"
2026-01-24 20:01:35 [nudge] deacon nudged with "[from mayor] session-started"
2026-01-24 20:19:11 [nudge] deacon nudged with "[from deacon] session-started"
2026-01-24 20:19:25 [nudge] deacon nudged with "[from Conducktor_rig/witness] session-started"
2026-01-24 20:36:08 [handoff] Conducktor_rig/witness handed off (Witness cycle complete)
2026-01-24 20:49:53 [nudge] deacon nudged with "[from deacon] session-started"
2026-01-24 20:49:57 [nudge] deacon nudged with "[from Conducktor_rig/witness] session-started"
2026-01-24 20:54:46 [nudge] deacon nudged with "[from Conducktor_rig/witness] session-started"
2026-01-24 20:54:47 [nudge] deacon nudged with "[from deacon] session-started"
2026-01-24 21:00:50 [nudge] deacon nudged with "[from Conducktor_rig/witness] session-started"
2026-01-24 21:00:50 [nudge] deacon nudged with "[from deacon] session-started"
2026-01-24 21:07:05 [nudge] deacon nudged with "[from Conducktor_rig/witness] session-started"
2026-01-24 21:07:10 [nudge] deacon nudged with "[from deacon] session-started"
2026-01-24 21:15:18 [nudge] deacon nudged with "[from Conducktor_rig/witness] session-started"
2026-01-24 21:15:18 [nudge] deacon nudged with "[from deacon] session-started"
2026-01-24 21:23:45 [nudge] deacon nudged with "[from Conducktor_rig/witness] session-started"
2026-01-24 21:23:47 [nudge] deacon nudged with "[from deacon] session-started"
2026-01-24 21:32:12 [nudge] deacon nudged with "[from Conducktor_rig/witness] session-started"
2026-01-24 21:32:18 [nudge] deacon nudged with "[from deacon] session-started"
2026-01-24 21:40:47 [nudge] deacon nudged with "[from Conducktor_rig/witness] session-started"
2026-01-24 21:40:51 [nudge] deacon nudged with "[from deacon] session-started"
2026-01-24 21:49:08 [nudge] deacon nudged with "[from Conducktor_rig/witness] session-started"
2026-01-24 21:49:26 [nudge] deacon nudged with "[from deacon] session-started"
2026-01-24 21:50:18 [nudge] deacon nudged with "[from Conducktor_rig/witness] session-started"
2026-01-24 21:58:52 [nudge] deacon nudged with "[from Conducktor_rig/witness] session-started"
2026-01-24 21:59:11 [nudge] deacon nudged with "[from deacon] session-started"
2026-01-24 22:07:21 [nudge] deacon nudged with "[from Conducktor_rig/witness] session-started"
2026-01-24 22:13:56 [nudge] deacon nudged with "[from Conducktor_rig/witness] session-started"
2026-01-24 22:14:17 [nudge] deacon nudged with "[from deacon] session-started"
2026-01-24 22:15:15 [nudge] deacon nudged with "[from Conducktor_rig/witness] session-started"
2026-01-24 22:23:48 [nudge] deacon nudged with "[from Conducktor_rig/witness] session-started"
2026-01-24 22:32:22 [nudge] deacon nudged with "[from Conducktor_rig/witness] session-started"
2026-01-24 22:32:48 [nudge] deacon nudged with "[from deacon] session-started"
2026-01-24 22:41:03 [nudge] deacon nudged with "[from Conducktor_rig/witness] session-started"
2026-01-24 22:49:34 [nudge] deacon nudged with "[from Conducktor_rig/witness] session-started"
2026-01-24 22:50:45 [nudge] deacon nudged with "[from Conducktor_rig/witness] session-started"
2026-01-24 22:59:06 [nudge] deacon nudged with "[from Conducktor_rig/witness] session-started"
2026-01-24 23:09:18 [nudge] deacon nudged with "[from Conducktor_rig/witness] session-started"
2026-01-24 23:17:43 [nudge] deacon nudged with "[from Conducktor_rig/witness] session-started"
2026-01-24 23:26:07 [nudge] deacon nudged with "[from Conducktor_rig/witness] session-started"
2026-01-24 23:34:25 [nudge] deacon nudged with "[from Conducktor_rig/witness] session-started"
2026-01-24 23:36:32 [nudge] deacon nudged with "[from Conducktor_rig/witness] session-started"
2026-01-24 23:41:09 [nudge] deacon nudged with "[from Conducktor_rig/witness] session-started"
2026-01-24 23:43:12 [nudge] deacon nudged with "[from Conducktor_rig/witness] session-started"
2026-01-24 23:45:41 [nudge] deacon nudged with "[from Conducktor_rig/witness] session-started"
2026-01-24 23:47:14 [nudge] deacon nudged with "[from Conducktor_rig/witness] session-started"
2026-01-24 23:49:10 [nudge] deacon nudged with "[from Conducktor_rig/witness] session-started"
2026-01-24 23:50:58 [nudge] deacon nudged with "[from Conducktor_rig/witness] session-started"
2026-01-24 23:55:23 [nudge] deacon nudged with "[from Conducktor_rig/witness] session-started"
2026-01-24 23:59:10 [nudge] deacon nudged with "[from Conducktor_rig/witness] session-started"
2026-01-25 00:02:56 [nudge] deacon nudged with "[from deacon] session-started"
2026-01-25 00:15:07 [nudge] deacon nudged with "[from mayor] session-started"
2026-01-25 00:15:32 [nudge] deacon nudged with "[from Conducktor_rig/witness] session-started"
2026-01-25 00:18:50 [nudge] deacon nudged with "[from deacon] session-started"
2026-01-25 00:24:07 [nudge] deacon nudged with "[from Conducktor_rig/witness] session-started"
2026-01-25 00:24:11 [nudge] deacon nudged with "[from deacon] session-started"
2026-01-25 00:27:08 [nudge] deacon nudged with "[from Conducktor_rig/witness] session-started"
2026-01-25 00:27:08 [nudge] deacon nudged with "[from mayor] session-started"
2026-01-25 00:27:15 [nudge] deacon nudged with "[from deacon] session-started"
2026-01-25 00:29:07 [nudge] deacon nudged with "[from Conducktor_rig/witness] session-started"
2026-01-25 00:29:21 [nudge] deacon nudged with "[from deacon] session-started"
2026-01-25 00:31:42 [nudge] deacon nudged with "[from Conducktor_rig/witness] session-started"
2026-01-25 00:31:51 [nudge] deacon nudged with "[from deacon] session-started"
2026-01-25 00:33:48 [nudge] deacon nudged with "[from deacon] session-started"
2026-01-25 00:44:38 [handoff] Conducktor_rig/witness handed off (Witness patrol handoff)
2026-01-25 00:48:54 [handoff] deacon handed off (20 patrols complete)
2026-01-25 01:44:15 [nudge] deacon nudged with "[from deacon] session-started"
2026-01-25 01:44:24 [nudge] deacon nudged with "[from Conducktor_rig/witness] session-started"
2026-01-25 01:47:06 [nudge] deacon nudged with "[from deacon] session-started"
2026-01-25 01:54:21 [nudge] Conducktor_rig/witness nudged with "[from deacon] HEALTH_CHECK from deacon"
2026-01-25 01:54:22 [nudge] Conducktor_rig/refinery nudged with "[from deacon] HEALTH_CHECK from deacon"
2026-01-25 02:06:08 [handoff] Conducktor_rig/witness handed off (Witness patrol handoff)
2026-01-25 05:02:41 [nudge] deacon nudged with "[from deacon] session-started"
2026-01-25 05:02:42 [nudge] deacon nudged with "[from Conducktor_rig/witness] session-started"
2026-01-25 05:05:52 [nudge] deacon nudged with "[from mayor] session-started"
2026-01-25 05:08:23 [nudge] deacon nudged with "[from mayor] session-started"
2026-01-25 05:09:14 [nudge] deacon nudged with "[from deacon] session-started"
2026-01-25 05:09:21 [nudge] deacon nudged with "[from Conducktor_rig/witness] session-started"
2026-01-25 05:12:53 [nudge] deacon nudged with "[from mayor] session-started"
2026-01-25 05:13:00 [nudge] deacon nudged with "[from Conducktor_rig/witness] session-started"
2026-01-25 05:18:41 [nudge] deacon nudged with "[from mayor] session-started"
2026-01-25 18:37:03 [nudge] deacon nudged with "[from Conducktor_rig/witness] session-started"
2026-01-25 18:37:16 [nudge] deacon nudged with "[from deacon] session-started"
2026-01-25 18:39:56 [nudge] deacon nudged with "[from deacon] session-started"
2026-01-25 18:46:06 [nudge] deacon nudged with "[from deacon] session-started"
2026-01-25 18:50:29 [handoff] Conducktor_rig/witness handed off (Witness cycle - 15 patrols complete)
2026-01-25 18:52:18 [nudge] deacon nudged with "[from deacon] session-started"
2026-01-25 18:58:33 [nudge] deacon nudged with "[from deacon] session-started"
2026-01-25 19:04:55 [nudge] deacon nudged with "[from deacon] session-started"
2026-01-25 19:11:12 [nudge] deacon nudged with "[from deacon] session-started"
2026-01-25 19:16:25 [nudge] Conducktor_rig/witness nudged with "[from deacon] HEALTH_CHECK from deacon"
2026-01-25 19:16:33 [nudge] Conducktor_rig/refinery nudged with "[from deacon] HEALTH_CHECK from deacon"
2026-01-25 19:17:42 [nudge] deacon nudged with "[from deacon] session-started"
2026-01-25 19:23:56 [nudge] deacon nudged with "[from deacon] session-started"
2026-01-25 19:30:44 [nudge] deacon nudged with "[from deacon] session-started"
2026-01-25 19:36:59 [nudge] deacon nudged with "[from deacon] session-started"
2026-01-25 19:38:03 [nudge] deacon nudged with "[from Conducktor_rig/witness] session-started"
2026-01-25 19:38:33 [nudge] deacon nudged with "[from deacon] session-started"
2026-01-25 19:39:42 [handoff] Conducktor_rig/witness handed off (Witness patrol cycle complete)
2026-01-25 19:42:39 [nudge] deacon nudged with "[from deacon] session-started"
2026-01-25 19:43:58 [nudge] deacon nudged with "[from deacon] session-started"
2026-01-25 19:44:03 [nudge] deacon nudged with "[from Conducktor_rig/witness] session-started"
2026-01-25 19:46:56 [nudge] deacon nudged with "[from deacon] session-started"
2026-01-25 19:48:01 [nudge] deacon nudged with "[from deacon] session-started"
2026-01-25 19:52:32 [nudge] Conducktor_rig/witness nudged with "[from deacon] HEALTH_CHECK from deacon"
2026-01-25 19:52:38 [nudge] Conducktor_rig/refinery nudged with "[from deacon] HEALTH_CHECK from deacon"
2026-01-25 19:53:15 [nudge] deacon nudged with "[from deacon] session-started"
2026-01-25 19:53:58 [nudge] deacon nudged with "[from deacon] session-started"
2026-01-25 19:58:43 [handoff] Conducktor_rig/witness handed off (Witness patrol handoff)
2026-01-25 20:01:22 [nudge] deacon nudged with "[from Conducktor_rig/witness] session-started"
2026-01-25 20:01:25 [nudge] deacon nudged with "[from deacon] session-started"
2026-01-25 20:05:44 [nudge] deacon nudged with "[from deacon] session-started"
2026-01-25 20:05:58 [nudge] deacon nudged with "[from Conducktor_rig/witness] session-started"
2026-01-25 20:07:42 [handoff] Conducktor_rig/witness handed off (Witness patrol handoff)
2026-01-25 20:08:32 [nudge] deacon nudged with "[from deacon] session-started"
2026-01-25 20:14:29 [nudge] Conducktor_rig/witness nudged with "[from deacon] HEALTH_CHECK from deacon"
2026-01-25 20:14:35 [nudge] Conducktor_rig/refinery nudged with "[from deacon] HEALTH_CHECK from deacon"
2026-01-25 20:14:51 [nudge] deacon nudged with "[from deacon] session-started"
2026-01-25 20:30:05 [nudge] deacon nudged with "[from deacon] session-started"
2026-01-25 20:30:09 [nudge] deacon nudged with "[from Conducktor_rig/witness] session-started"
2026-01-25 20:33:06 [nudge] deacon nudged with "[from deacon] session-started"
2026-01-25 20:41:06 [handoff] Conducktor_rig/witness handed off (Witness patrol handoff)
2026-01-25 20:42:44 [nudge] hq-mayor nudged with "[from unknown] Hello from test"
2026-01-25 20:45:17 [nudge] deacon nudged with "[from deacon] session-started"
2026-01-25 20:51:34 [nudge] deacon nudged with "[from deacon] session-started"
2026-01-25 20:57:50 [nudge] deacon nudged with "[from deacon] session-started"
2026-01-25 21:00:51 [nudge] Conducktor_rig/witness nudged with "[from deacon] HEALTH_CHECK from deacon"
2026-01-25 21:00:52 [nudge] Conducktor_rig/refinery nudged with "[from deacon] HEALTH_CHECK from deacon"
2026-01-25 21:03:59 [handoff] Conducktor_rig/witness handed off (Witness patrol handoff)
2026-01-25 21:04:13 [nudge] deacon nudged with "[from deacon] session-started"
2026-01-25 21:10:26 [nudge] deacon nudged with "[from deacon] session-started"
2026-01-25 21:16:41 [nudge] deacon nudged with "[from deacon] session-started"
2026-01-25 21:23:00 [nudge] deacon nudged with "[from deacon] session-started"
2026-01-25 21:29:14 [nudge] deacon nudged with "[from deacon] session-started"
2026-01-25 21:35:33 [nudge] deacon nudged with "[from deacon] session-started"
